2020/05/07 16:05:01 Start...
2020-05-07T16:05:01.974+0800	info	runtime/proc.go:203	Start to listening the incoming requests on http address: :8080
2020/05/07 16:07:00 Start...
2020-05-07T16:07:00.941+0800	info	runtime/proc.go:203	Start to listening the incoming requests on http address: :8080
2020/05/07 16:08:23 Start...
2020-05-07T16:08:23.522+0800	info	runtime/proc.go:203	Start to listening the incoming requests on http address: :8080
2020-05-07T16:08:25.879+0800	info	gin@v1.6.3/context.go:161	URL username: admin2
2020-05-07T16:08:25.879+0800	info	gin@v1.6.3/context.go:161	URL key param desc: test
2020-05-07T16:08:25.879+0800	info	gin@v1.6.3/context.go:161	Header Content-Type: application/json
2020-05-07T16:08:25.879+0800	info	gin@v1.6.3/context.go:161	username is admin, password is admin
2020/05/07 17:43:18 Start...
2020-05-07T17:43:18.484+0800	info	runtime/proc.go:203	Start to listening the incoming requests on http address: :8080
2020-05-07T17:43:42.298+0800	info	gin@v1.6.3/context.go:161	URL username: 
2020-05-07T17:43:42.298+0800	info	gin@v1.6.3/context.go:161	URL key param desc: 
2020-05-07T17:43:42.298+0800	info	gin@v1.6.3/context.go:161	Header Content-Type: application/json
2020-05-07T17:43:42.298+0800	info	gin@v1.6.3/context.go:161	username is kong, password is kong123
2020-05-07T17:45:25.802+0800	info	gin@v1.6.3/context.go:161	URL username: 
2020-05-07T17:45:25.802+0800	info	gin@v1.6.3/context.go:161	URL key param desc: 
2020-05-07T17:45:25.802+0800	info	gin@v1.6.3/context.go:161	Header Content-Type: application/json
2020-05-07T17:45:25.802+0800	info	gin@v1.6.3/context.go:161	username is kong, password is kong123
2020/05/07 17:51:55 Start...
2020-05-07T17:51:55.659+0800	info	runtime/proc.go:203	Start to listening the incoming requests on http address: :8080
2020/05/07 17:52:08 Start...
2020-05-07T17:52:08.980+0800	info	runtime/proc.go:203	Start to listening the incoming requests on http address: :8080
2020-05-07T17:52:11.753+0800	info	gin@v1.6.3/context.go:161	User create function called, X-Request-Id is 
2020/05/07 17:55:40 Start...
2020-05-07T17:55:40.729+0800	info	runtime/proc.go:203	Start to listening the incoming requests on http address: :8080
2020-05-07T17:55:43.037+0800	info	gin@v1.6.3/context.go:161	User create function called, X-Request-Id is 
2020/05/07 17:58:20 Start...
2020-05-07T17:58:20.877+0800	info	runtime/proc.go:203	Start to listening the incoming requests on http address: :8080
2020/05/07 18:06:04 Start...
2020-05-07T18:06:04.859+0800	info	runtime/proc.go:203	Start to listening the incoming requests on http address: :8080
2020/05/07 18:10:10 Start...
2020-05-07T18:10:10.933+0800	info	runtime/proc.go:203	Start to listening the incoming requests on http address: :8080
2020/05/07 18:14:47 Start...
2020-05-07T18:14:47.620+0800	info	runtime/proc.go:203	Start to listening the incoming requests on http address: :8080
2020/05/07 18:16:16 Start...
2020-05-07T18:16:16.503+0800	info	runtime/proc.go:203	Start to listening the incoming requests on http address: :8080
2020-05-07T18:16:21.655+0800	error	gin@v1.6.3/context.go:161	Error 1062: Duplicate entry 'kong' for key 'username'
2020-05-07T18:18:34.334+0800	error	gin@v1.6.3/context.go:161	Error 1062: Duplicate entry 'kong' for key 'username'
2020/05/07 18:20:47 Start...
2020-05-07T18:20:47.766+0800	info	runtime/proc.go:203	Start to listening the incoming requests on http address: :8080
